{
  "RSpec": {
    "coverage": {
      "/Users/7jess/Desktop/NTHU_ISS/Security/Team_Project/capsule-api/spec/test_load_all.rb": {
        "lines": [
          null,
          null,
          null,
          null,
          1,
          1,
          null,
          1,
          null,
          1,
          1,
          1,
          null
        ]
      },
      "/Users/7jess/Desktop/NTHU_ISS/Security/Team_Project/capsule-api/require_app.rb": {
        "lines": [
          null,
          null,
          null,
          null,
          null,
          null,
          null,
          null,
          null,
          1,
          8,
          2,
          null,
          2,
          49,
          null,
          null
        ]
      },
      "/Users/7jess/Desktop/NTHU_ISS/Security/Team_Project/capsule-api/config/environments.rb": {
        "lines": [
          null,
          null,
          1,
          1,
          1,
          1,
          1,
          null,
          1,
          null,
          1,
          1,
          null,
          null,
          1,
          null,
          1,
          null,
          null,
          null,
          1,
          null,
          null,
          1,
          null,
          null,
          1,
          null,
          1,
          1,
          null,
          null,
          1,
          1,
          null,
          null,
          1,
          1,
          null,
          null,
          null,
          1,
          1,
          1,
          null,
          null,
          null
        ]
      },
      "/Users/7jess/Desktop/NTHU_ISS/Security/Team_Project/capsule-api/app/lib/auth_scope.rb": {
        "lines": [
          null,
          null,
          null,
          1,
          1,
          1,
          1,
          1,
          1,
          null,
          1,
          1,
          null,
          1,
          53,
          53,
          106,
          null,
          null,
          1,
          18,
          null,
          null,
          1,
          102,
          null,
          null,
          1,
          30,
          null,
          null,
          1,
          null,
          1,
          18,
          null,
          null,
          1,
          120,
          null,
          null,
          1,
          120,
          null,
          null,
          1,
          53,
          53,
          53,
          null,
          null
        ]
      },
      "/Users/7jess/Desktop/NTHU_ISS/Security/Team_Project/capsule-api/app/lib/auth_token.rb": {
        "lines": [
          null,
          null,
          1,
          1,
          null,
          null,
          null,
          null,
          null,
          null,
          1,
          1,
          null,
          1,
          1,
          1,
          1,
          1,
          null,
          1,
          1,
          null,
          null,
          1,
          24,
          24,
          23,
          23,
          23,
          null,
          null,
          null,
          1,
          46,
          null,
          0,
          null,
          null,
          null,
          1,
          null,
          null,
          1,
          23,
          null,
          null,
          1,
          23,
          null,
          null,
          1,
          null,
          null,
          1,
          30,
          null,
          null,
          null,
          null,
          null,
          null,
          1,
          30,
          null,
          null,
          null,
          1,
          30,
          null,
          30,
          30,
          30,
          null,
          null,
          null,
          1,
          24,
          null,
          24,
          23,
          23,
          null,
          1,
          null,
          null
        ]
      },
      "/Users/7jess/Desktop/NTHU_ISS/Security/Team_Project/capsule-api/app/lib/securable.rb": {
        "lines": [
          null,
          null,
          1,
          1,
          null,
          null,
          1,
          1,
          null,
          null,
          1,
          0,
          0,
          null,
          null,
          null,
          1,
          2,
          null,
          2,
          null,
          null,
          1,
          116,
          null,
          null,
          null,
          1,
          76,
          76,
          null,
          null,
          null,
          1,
          40,
          40,
          null,
          null
        ]
      },
      "/Users/7jess/Desktop/NTHU_ISS/Security/Team_Project/capsule-api/app/lib/json_request_body.rb": {
        "lines": [
          null,
          null,
          null,
          1,
          1,
          0,
          null,
          null
        ]
      },
      "/Users/7jess/Desktop/NTHU_ISS/Security/Team_Project/capsule-api/app/lib/key_stretch.rb": {
        "lines": [
          null,
          null,
          1,
          1,
          null,
          null,
          1,
          1,
          71,
          null,
          null,
          1,
          102,
          102,
          102,
          null,
          102,
          null,
          null,
          null,
          null,
          null
        ]
      },
      "/Users/7jess/Desktop/NTHU_ISS/Security/Team_Project/capsule-api/app/lib/secure_db.rb": {
        "lines": [
          null,
          null,
          1,
          null,
          null,
          1,
          1,
          null,
          null,
          1,
          46,
          null,
          46,
          46,
          null,
          null,
          null,
          1,
          17,
          null,
          17,
          17,
          null,
          null
        ]
      },
      "/Users/7jess/Desktop/NTHU_ISS/Security/Team_Project/capsule-api/app/lib/signed_request.rb": {
        "lines": [
          null,
          null,
          1,
          1,
          null,
          null,
          1,
          1,
          null,
          1,
          17,
          17,
          null,
          null,
          1,
          0,
          0,
          null,
          0,
          null,
          null,
          null,
          1,
          9,
          9,
          null,
          null,
          null,
          1,
          8,
          8,
          null,
          8,
          null,
          8,
          null,
          null,
          1,
          null,
          1,
          9,
          8,
          8,
          null,
          1,
          null,
          null
        ]
      },
      "/Users/7jess/Desktop/NTHU_ISS/Security/Team_Project/capsule-api/app/models/account.rb": {
        "lines": [
          null,
          null,
          1,
          1,
          1,
          null,
          1,
          null,
          1,
          1,
          null,
          1,
          null,
          null,
          1,
          1,
          null,
          1,
          null,
          1,
          2,
          null,
          null,
          null,
          1,
          1,
          null,
          null,
          1,
          68,
          null,
          null,
          1,
          29,
          29,
          null,
          null,
          1,
          38,
          null,
          null,
          null,
          null,
          null,
          null,
          null,
          null,
          null
        ]
      },
      "/Users/7jess/Desktop/NTHU_ISS/Security/Team_Project/capsule-api/app/models/password.rb": {
        "lines": [
          null,
          null,
          1,
          1,
          null,
          1,
          null,
          1,
          1,
          null,
          1,
          102,
          102,
          null,
          null,
          1,
          31,
          31,
          null,
          null,
          1,
          71,
          null,
          null,
          null,
          null,
          1,
          null,
          1,
          71,
          71,
          71,
          null,
          null,
          1,
          31,
          31,
          31,
          31,
          null,
          null,
          null
        ]
      },
      "/Users/7jess/Desktop/NTHU_ISS/Security/Team_Project/capsule-api/app/models/capsule.rb": {
        "lines": [
          null,
          null,
          1,
          1,
          null,
          1,
          null,
          1,
          1,
          null,
          1,
          1,
          null,
          null,
          null,
          null,
          1,
          null,
          null,
          null,
          1,
          1,
          1,
          null,
          1,
          null,
          16,
          null,
          null,
          null,
          null,
          null,
          null,
          null,
          null,
          1,
          1,
          null,
          null,
          null,
          null,
          null,
          null,
          null,
          null,
          1,
          15,
          null,
          null,
          null
        ]
      },
      "/Users/7jess/Desktop/NTHU_ISS/Security/Team_Project/capsule-api/app/models/letter.rb": {
        "lines": [
          null,
          null,
          1,
          1,
          null,
          1,
          null,
          1,
          null,
          1,
          null,
          1,
          null,
          null,
          null,
          null,
          1,
          null,
          1,
          1,
          1,
          1,
          null,
          null,
          1,
          15,
          null,
          null,
          1,
          43,
          null,
          null,
          null,
          1,
          null,
          13,
          null,
          null,
          null,
          null,
          null,
          null,
          null,
          null,
          null,
          null,
          null,
          null,
          null,
          1,
          12,
          null,
          null,
          null,
          null,
          null,
          null,
          null,
          1,
          1,
          null,
          null,
          null,
          null
        ]
      },
      "/Users/7jess/Desktop/NTHU_ISS/Security/Team_Project/capsule-api/app/policies/account_policy.rb": {
        "lines": [
          null,
          null,
          null,
          1,
          1,
          1,
          1,
          null,
          null,
          1,
          2,
          null,
          null,
          1,
          0,
          null,
          null,
          1,
          0,
          null,
          null,
          1,
          null,
          0,
          null,
          null,
          null,
          null,
          null,
          1,
          null,
          1,
          2,
          null,
          null
        ]
      },
      "/Users/7jess/Desktop/NTHU_ISS/Security/Team_Project/capsule-api/app/policies/capsule_policy.rb": {
        "lines": [
          null,
          null,
          1,
          null,
          1,
          1,
          2,
          2,
          2,
          null,
          null,
          1,
          3,
          null,
          null,
          1,
          1,
          null,
          null,
          1,
          1,
          null,
          null,
          1,
          1,
          null,
          null,
          1,
          1,
          null,
          null,
          1,
          1,
          null,
          null,
          1,
          1,
          null,
          null,
          1,
          1,
          null,
          null,
          1,
          null,
          1,
          null,
          null,
          null,
          null,
          null,
          null,
          null,
          null,
          null,
          null,
          1,
          null,
          1,
          3,
          null,
          null,
          1,
          6,
          null,
          null,
          1,
          10,
          null,
          null,
          null
        ]
      },
      "/Users/7jess/Desktop/NTHU_ISS/Security/Team_Project/capsule-api/app/policies/collaboration_request_policy.rb": {
        "lines": [
          null,
          null,
          1,
          null,
          1,
          1,
          0,
          0,
          0,
          0,
          0,
          null,
          null,
          1,
          0,
          null,
          null,
          1,
          0,
          null,
          null,
          1,
          null,
          1,
          0,
          null,
          null,
          null
        ]
      },
      "/Users/7jess/Desktop/NTHU_ISS/Security/Team_Project/capsule-api/app/policies/letter_policy.rb": {
        "lines": [
          null,
          null,
          1,
          null,
          1,
          1,
          15,
          15,
          15,
          null,
          null,
          1,
          15,
          null,
          null,
          1,
          24,
          null,
          null,
          1,
          12,
          null,
          null,
          1,
          12,
          null,
          null,
          1,
          12,
          null,
          null,
          1,
          12,
          null,
          null,
          1,
          12,
          null,
          null,
          1,
          12,
          null,
          null,
          1,
          12,
          null,
          null,
          1,
          null,
          12,
          null,
          null,
          null,
          null,
          null,
          null,
          null,
          null,
          null,
          null,
          null,
          1,
          null,
          1,
          15,
          null,
          null,
          1,
          96,
          null,
          null,
          1,
          96,
          96,
          96,
          null,
          null,
          1,
          6,
          6,
          null,
          null,
          1,
          15,
          null,
          null,
          1,
          12,
          null,
          null,
          null
        ]
      },
      "/Users/7jess/Desktop/NTHU_ISS/Security/Team_Project/capsule-api/app/policies/letter_scope.rb": {
        "lines": [
          null,
          null,
          1,
          null,
          1,
          null,
          1,
          1,
          1,
          1,
          1,
          1,
          null,
          null,
          1,
          1,
          1,
          null,
          0,
          null,
          null,
          null,
          1,
          null,
          1,
          3,
          1,
          1,
          2,
          null,
          null,
          null,
          null,
          null,
          null,
          null
        ]
      },
      "/Users/7jess/Desktop/NTHU_ISS/Security/Team_Project/capsule-api/app/services/add_collaborator_to_letter.rb": {
        "lines": [
          null,
          null,
          1,
          null,
          1,
          null,
          1,
          1,
          null,
          null,
          null,
          1,
          1,
          null,
          null,
          null,
          1,
          null,
          2,
          2,
          null,
          null,
          2,
          0,
          null,
          null,
          2,
          null,
          2,
          null,
          2,
          null,
          1,
          1,
          null,
          null,
          null,
          null
        ]
      },
      "/Users/7jess/Desktop/NTHU_ISS/Security/Team_Project/capsule-api/app/services/authenticate_account.rb": {
        "lines": [
          null,
          null,
          1,
          null,
          1,
          null,
          1,
          1,
          3,
          3,
          null,
          null,
          1,
          0,
          null,
          null,
          null,
          1,
          28,
          28,
          null,
          25,
          null,
          3,
          null,
          null,
          1,
          null,
          25,
          null,
          null,
          null,
          null,
          null,
          null,
          null,
          null
        ]
      },
      "/Users/7jess/Desktop/NTHU_ISS/Security/Team_Project/capsule-api/app/services/authorize_account.rb": {
        "lines": [
          null,
          null,
          1,
          null,
          1,
          null,
          1,
          null,
          1,
          1,
          0,
          null,
          null,
          null,
          1,
          1,
          1,
          1,
          null,
          1,
          null,
          1,
          null,
          null,
          1,
          null,
          1,
          null,
          null,
          null,
          null,
          null,
          null,
          null,
          null
        ]
      },
      "/Users/7jess/Desktop/NTHU_ISS/Security/Team_Project/capsule-api/app/services/authorize_google_sso.rb": {
        "lines": [
          null,
          null,
          1,
          null,
          1,
          null,
          1,
          1,
          null,
          1,
          2,
          2,
          2,
          2,
          2,
          2,
          null,
          null,
          1,
          null,
          null,
          null,
          null,
          null,
          2,
          null,
          2,
          null,
          2,
          2,
          null,
          null,
          1,
          1,
          1,
          null,
          1,
          null,
          null,
          null,
          1,
          null,
          2,
          null,
          null,
          null,
          null,
          null,
          null,
          null,
          null,
          null,
          null,
          null
        ]
      },
      "/Users/7jess/Desktop/NTHU_ISS/Security/Team_Project/capsule-api/app/services/authorize_sso.rb": {
        "lines": [
          null,
          null,
          1,
          null,
          1,
          null,
          1,
          1,
          null,
          1,
          2,
          2,
          2,
          2,
          2,
          2,
          null,
          null,
          1,
          2,
          null,
          null,
          null,
          null,
          2,
          null,
          null,
          2,
          2,
          null,
          null,
          1,
          1,
          1,
          null,
          1,
          null,
          null,
          null,
          1,
          null,
          2,
          null,
          null,
          null,
          null,
          null,
          null,
          null,
          null,
          null,
          null,
          null
        ]
      },
      "/Users/7jess/Desktop/NTHU_ISS/Security/Team_Project/capsule-api/app/services/create_capsule_for_owner.rb": {
        "lines": [
          null,
          null,
          1,
          null,
          1,
          1,
          12,
          null,
          null,
          null,
          null
        ]
      },
      "/Users/7jess/Desktop/NTHU_ISS/Security/Team_Project/capsule-api/app/services/create_letter_for_owner.rb": {
        "lines": [
          null,
          null,
          1,
          null,
          1,
          null,
          1,
          1,
          1,
          null,
          null,
          null,
          null,
          1,
          4,
          4,
          null,
          3,
          null,
          null,
          null
        ]
      },
      "/Users/7jess/Desktop/NTHU_ISS/Security/Team_Project/capsule-api/app/services/delete_letter.rb": {
        "lines": [
          null,
          null,
          1,
          null,
          1,
          1,
          null,
          null,
          1,
          2,
          2,
          null,
          1,
          null,
          null,
          null
        ]
      },
      "/Users/7jess/Desktop/NTHU_ISS/Security/Team_Project/capsule-api/app/services/get_all_collaborators.rb": {
        "lines": [
          null,
          null,
          1,
          null,
          1,
          null,
          1,
          1,
          null,
          null,
          1,
          null,
          0,
          0,
          0,
          0,
          0,
          0,
          0,
          0,
          null,
          0,
          null,
          null,
          0,
          null,
          null,
          null
        ]
      },
      "/Users/7jess/Desktop/NTHU_ISS/Security/Team_Project/capsule-api/app/services/get_capsule_query.rb": {
        "lines": [
          null,
          null,
          1,
          null,
          1,
          null,
          1,
          null,
          1,
          1,
          1,
          null,
          null,
          null,
          null,
          1,
          1,
          2,
          null,
          null,
          null,
          1,
          4,
          null,
          2,
          2,
          null,
          1,
          null,
          null,
          null
        ]
      },
      "/Users/7jess/Desktop/NTHU_ISS/Security/Team_Project/capsule-api/app/services/get_letter_collaborators.rb": {
        "lines": [
          null,
          null,
          1,
          null,
          1,
          null,
          1,
          1,
          null,
          null,
          1,
          null,
          0,
          0,
          0,
          0,
          0,
          0,
          null,
          0,
          null,
          null,
          null
        ]
      },
      "/Users/7jess/Desktop/NTHU_ISS/Security/Team_Project/capsule-api/app/services/get_letter_query.rb": {
        "lines": [
          null,
          null,
          1,
          null,
          1,
          null,
          1,
          null,
          1,
          1,
          2,
          null,
          null,
          null,
          null,
          1,
          1,
          1,
          null,
          null,
          null,
          null,
          1,
          13,
          null,
          12,
          12,
          null,
          10,
          null,
          null,
          null
        ]
      },
      "/Users/7jess/Desktop/NTHU_ISS/Security/Team_Project/capsule-api/app/services/get_letter_senders.rb": {
        "lines": [
          null,
          null,
          1,
          null,
          1,
          null,
          1,
          1,
          null,
          null,
          1,
          1,
          1,
          null,
          1,
          1,
          1,
          0,
          0,
          null,
          1,
          null,
          null,
          null
        ]
      },
      "/Users/7jess/Desktop/NTHU_ISS/Security/Team_Project/capsule-api/app/services/get_received_letter_query.rb": {
        "lines": [
          null,
          null,
          1,
          null,
          1,
          null,
          1,
          null,
          1,
          1,
          1,
          null,
          null,
          null,
          null,
          1,
          1,
          1,
          null,
          null,
          null,
          null,
          1,
          4,
          null,
          3,
          3,
          null,
          2,
          null,
          null,
          null
        ]
      },
      "/Users/7jess/Desktop/NTHU_ISS/Security/Team_Project/capsule-api/app/services/get_shared_capsule_query.rb": {
        "lines": [
          null,
          null,
          1,
          null,
          1,
          null,
          1,
          null,
          1,
          1,
          0,
          null,
          null,
          null,
          null,
          1,
          1,
          0,
          null,
          null,
          null,
          1,
          0,
          null,
          0,
          0,
          null,
          0,
          null,
          null,
          null
        ]
      },
      "/Users/7jess/Desktop/NTHU_ISS/Security/Team_Project/capsule-api/app/services/notice_collaborator.rb": {
        "lines": [
          null,
          null,
          1,
          null,
          1,
          null,
          1,
          null,
          1,
          1,
          null,
          1,
          0,
          null,
          null,
          1,
          1,
          1,
          null,
          1,
          0,
          null,
          0,
          null,
          null,
          1,
          0,
          null,
          null,
          1,
          0,
          null,
          null,
          null,
          null,
          null,
          1,
          null,
          0,
          null,
          null,
          null,
          null,
          null,
          null,
          null,
          null,
          null,
          null,
          null,
          1,
          0,
          null,
          0,
          null,
          0,
          null,
          null,
          null,
          null
        ]
      },
      "/Users/7jess/Desktop/NTHU_ISS/Security/Team_Project/capsule-api/app/services/update_letter.rb": {
        "lines": [
          null,
          null,
          1,
          null,
          1,
          1,
          null,
          null,
          1,
          2,
          2,
          2,
          null,
          1,
          null,
          null,
          null
        ]
      },
      "/Users/7jess/Desktop/NTHU_ISS/Security/Team_Project/capsule-api/app/services/verify_registration.rb": {
        "lines": [
          null,
          null,
          1,
          null,
          1,
          null,
          null,
          null,
          1,
          null,
          1,
          1,
          null,
          1,
          0,
          null,
          null,
          1,
          1,
          1,
          null,
          1,
          0,
          0,
          null,
          0,
          null,
          null,
          1,
          0,
          null,
          null,
          1,
          0,
          null,
          null,
          1,
          0,
          null,
          null,
          null,
          null,
          null,
          null,
          null,
          1,
          null,
          0,
          null,
          null,
          null,
          null,
          null,
          null,
          null,
          null,
          null,
          null,
          null,
          1,
          0,
          null,
          0,
          null,
          0,
          null,
          null,
          null,
          null
        ]
      },
      "/Users/7jess/Desktop/NTHU_ISS/Security/Team_Project/capsule-api/app/controllers/accounts.rb": {
        "lines": [
          null,
          null,
          1,
          1,
          null,
          1,
          null,
          1,
          1,
          4,
          null,
          4,
          null,
          1,
          1,
          null,
          null,
          null,
          1,
          null,
          0,
          null,
          0,
          0,
          null,
          null,
          null,
          null,
          3,
          3,
          2,
          null,
          1,
          1,
          1,
          1,
          null,
          1,
          1,
          null,
          1,
          null,
          0,
          0,
          null,
          null,
          null,
          null
        ]
      },
      "/Users/7jess/Desktop/NTHU_ISS/Security/Team_Project/capsule-api/app/controllers/app.rb": {
        "lines": [
          null,
          null,
          1,
          1,
          1,
          null,
          1,
          null,
          1,
          1,
          1,
          1,
          1,
          1,
          null,
          1,
          null,
          1,
          34,
          null,
          34,
          null,
          null,
          null,
          34,
          33,
          null,
          1,
          null,
          0,
          null,
          null,
          33,
          1,
          null,
          null,
          32,
          32,
          32,
          32,
          null,
          null,
          null,
          null,
          null
        ]
      },
      "/Users/7jess/Desktop/NTHU_ISS/Security/Team_Project/capsule-api/app/controllers/helpers.rb": {
        "lines": [
          null,
          null,
          1,
          null,
          1,
          1,
          1,
          null,
          1,
          34,
          null,
          null,
          1,
          34,
          null,
          24,
          24,
          null,
          24,
          null,
          null,
          1,
          24,
          23,
          null,
          23,
          null,
          null,
          null,
          null
        ]
      },
      "/Users/7jess/Desktop/NTHU_ISS/Security/Team_Project/capsule-api/app/controllers/auth.rb": {
        "lines": [
          null,
          null,
          1,
          1,
          null,
          1,
          null,
          1,
          1,
          null,
          null,
          6,
          null,
          0,
          null,
          null,
          6,
          null,
          0,
          0,
          null,
          0,
          0,
          null,
          0,
          0,
          null,
          0,
          0,
          null,
          0,
          0,
          0,
          null,
          null,
          null,
          6,
          null,
          2,
          2,
          1,
          null,
          1,
          null,
          null,
          null,
          4,
          2,
          2,
          null,
          0,
          0,
          0,
          null,
          null,
          2,
          2,
          2,
          null,
          0,
          0,
          null,
          0,
          0,
          0,
          null,
          null,
          null,
          null
        ]
      },
      "/Users/7jess/Desktop/NTHU_ISS/Security/Team_Project/capsule-api/app/controllers/capsules.rb": {
        "lines": [
          null,
          null,
          1,
          1,
          null,
          1,
          null,
          1,
          1,
          12,
          12,
          null,
          12,
          11,
          7,
          7,
          null,
          1,
          null,
          1,
          1,
          1,
          null,
          1,
          null,
          1,
          1,
          1,
          1,
          null,
          1,
          1,
          null,
          1,
          1,
          null,
          0,
          0,
          0,
          null,
          null,
          null,
          6,
          null,
          1,
          1,
          1,
          null,
          0,
          0,
          null,
          null,
          null,
          null,
          5,
          3,
          3,
          3,
          8,
          null,
          null,
          7,
          null,
          null,
          1,
          1,
          null,
          1,
          null,
          1,
          null,
          null,
          null,
          2,
          2,
          null,
          null,
          null,
          1,
          1,
          1,
          null,
          1,
          null,
          0,
          0,
          0,
          null,
          null,
          null,
          null,
          4,
          4,
          4,
          null,
          null,
          1,
          null,
          1,
          null,
          1,
          null,
          2,
          null,
          0,
          0,
          null,
          null,
          null,
          0,
          0,
          0,
          0,
          0,
          null,
          0,
          0,
          null,
          0,
          null,
          null,
          0,
          null,
          null,
          null,
          0,
          0,
          0,
          null,
          0,
          0,
          null,
          0,
          0,
          null,
          null,
          null,
          null,
          1,
          1,
          1,
          1,
          null,
          0,
          null,
          null,
          null,
          null
        ]
      },
      "/Users/7jess/Desktop/NTHU_ISS/Security/Team_Project/capsule-api/app/controllers/letters.rb": {
        "lines": [
          null,
          null,
          1,
          null,
          1,
          null,
          1,
          1,
          10,
          null,
          10,
          null,
          null,
          10,
          0,
          0,
          0,
          null,
          0,
          null,
          0,
          0,
          null,
          0,
          0,
          null,
          null,
          null,
          null,
          10,
          0,
          0,
          null,
          0,
          null,
          0,
          0,
          null,
          null,
          null,
          null,
          10,
          10,
          null,
          10,
          null,
          0,
          0,
          null,
          0,
          null,
          null,
          null,
          null,
          0,
          0,
          null,
          0,
          0,
          null,
          0,
          0,
          null,
          null,
          null,
          0,
          0,
          null,
          0,
          null,
          0,
          0,
          null,
          0,
          0,
          null,
          null,
          null,
          null,
          10,
          3,
          null,
          null,
          1,
          null,
          1,
          null,
          1,
          null,
          0,
          0,
          null,
          null,
          null,
          7,
          2,
          1,
          null,
          1,
          null,
          0,
          null,
          null,
          null,
          5,
          3,
          null,
          null,
          1,
          null,
          1,
          null,
          1,
          null,
          0,
          0,
          0,
          null,
          null,
          null,
          2,
          2,
          2,
          null,
          1,
          null,
          1,
          null,
          0,
          0,
          null,
          null,
          null,
          null,
          null
        ]
      },
      "/Users/7jess/Desktop/NTHU_ISS/Security/Team_Project/capsule-api/spec/integration/api_accounts_spec.rb": {
        "lines": [
          null,
          null,
          1,
          null,
          1,
          1,
          null,
          1,
          4,
          4,
          null,
          null,
          1,
          1,
          1,
          1,
          null,
          1,
          1,
          1,
          null,
          1,
          1,
          1,
          1,
          1,
          null,
          null,
          null,
          1,
          1,
          3,
          null,
          null,
          1,
          1,
          null,
          1,
          1,
          null,
          1,
          1,
          null,
          1,
          1,
          1,
          1,
          null,
          null,
          1,
          1,
          1,
          1,
          null,
          null,
          1,
          1,
          null,
          null,
          1,
          1,
          1,
          1,
          null,
          null,
          null
        ]
      },
      "/Users/7jess/Desktop/NTHU_ISS/Security/Team_Project/capsule-api/spec/integration/api_auth_spec.rb": {
        "lines": [
          null,
          null,
          1,
          1,
          null,
          1,
          1,
          null,
          1,
          6,
          6,
          null,
          null,
          1,
          1,
          2,
          2,
          null,
          null,
          1,
          1,
          null,
          1,
          null,
          null,
          null,
          1,
          1,
          1,
          1,
          1,
          null,
          null,
          null,
          1,
          1,
          null,
          null,
          1,
          null,
          null,
          1,
          null,
          1,
          1,
          1,
          null,
          null,
          null,
          1,
          1,
          2,
          2,
          null,
          null,
          null,
          null,
          null,
          1,
          2,
          null,
          null,
          1,
          1,
          null,
          1,
          null,
          null,
          null,
          1,
          1,
          null,
          1,
          1,
          1,
          1,
          null,
          null,
          1,
          1,
          null,
          1,
          null,
          null,
          null,
          1,
          null,
          1,
          null,
          null,
          null,
          1,
          1,
          null,
          1,
          1,
          1,
          1,
          null,
          null,
          null,
          1,
          1,
          2,
          2,
          null,
          null,
          null,
          null,
          null,
          1,
          2,
          null,
          null,
          1,
          1,
          null,
          1,
          null,
          null,
          null,
          1,
          1,
          null,
          1,
          1,
          1,
          1,
          null,
          null,
          1,
          1,
          null,
          1,
          null,
          null,
          null,
          1,
          null,
          1,
          null,
          null,
          null,
          1,
          1,
          null,
          1,
          1,
          1,
          1,
          null,
          null,
          null
        ]
      },
      "/Users/7jess/Desktop/NTHU_ISS/Security/Team_Project/capsule-api/spec/integration/api_capsules_spec.rb": {
        "lines": [
          null,
          null,
          1,
          null,
          1,
          1,
          null,
          1,
          6,
          6,
          6,
          null,
          6,
          6,
          null,
          6,
          null,
          null,
          1,
          1,
          1,
          2,
          2,
          2,
          null,
          null,
          1,
          1,
          1,
          1,
          1,
          1,
          null,
          null,
          1,
          1,
          1,
          1,
          null,
          1,
          1,
          null,
          null,
          null,
          1,
          1,
          null,
          1,
          1,
          1,
          1,
          1,
          1,
          null,
          null,
          1,
          1,
          1,
          null,
          1,
          null,
          null,
          1,
          1,
          null,
          1,
          1,
          1,
          null,
          1,
          1,
          null,
          null,
          1,
          1,
          1,
          null,
          1,
          1,
          null,
          null,
          1,
          1,
          null,
          null,
          null,
          1,
          1,
          0,
          null,
          null,
          null
        ]
      },
      "/Users/7jess/Desktop/NTHU_ISS/Security/Team_Project/capsule-api/spec/integration/api_letters_spec.rb": {
        "lines": [
          null,
          null,
          1,
          null,
          1,
          1,
          null,
          1,
          17,
          null,
          17,
          17,
          null,
          17,
          17,
          17,
          null,
          17,
          17,
          17,
          null,
          17,
          null,
          null,
          1,
          1,
          6,
          6,
          null,
          null,
          1,
          1,
          1,
          1,
          null,
          1,
          1,
          1,
          null,
          null,
          1,
          1,
          1,
          1,
          null,
          null,
          1,
          1,
          1,
          null,
          1,
          null,
          null,
          1,
          1,
          1,
          1,
          null,
          1,
          1,
          1,
          null,
          1,
          1,
          1,
          null,
          null,
          1,
          1,
          1,
          null,
          1,
          null,
          null,
          1,
          1,
          1,
          1,
          null,
          1,
          null,
          null,
          null,
          null,
          1,
          1,
          2,
          2,
          null,
          null,
          1,
          1,
          null,
          1,
          1,
          1,
          null,
          1,
          1,
          1,
          1,
          null,
          null,
          1,
          1,
          1,
          null,
          1,
          null,
          null,
          null,
          1,
          1,
          1,
          1,
          null,
          1,
          1,
          1,
          null,
          1,
          1,
          null,
          null,
          1,
          1,
          1,
          null,
          1,
          null,
          null,
          null,
          1,
          1,
          2,
          2,
          null,
          null,
          1,
          1,
          1,
          1,
          1,
          null,
          1,
          1,
          1,
          1,
          1,
          null,
          null,
          1,
          1,
          1,
          1,
          null,
          null,
          null,
          1,
          1,
          3,
          21,
          null,
          null,
          null,
          1,
          1,
          1,
          1,
          null,
          1,
          1,
          null,
          null,
          1,
          1,
          1,
          1,
          null,
          null,
          1,
          1,
          1,
          null,
          1,
          null,
          null,
          null,
          1,
          1,
          null,
          2,
          2,
          2,
          2,
          14,
          14,
          null,
          null,
          null,
          2,
          2,
          2,
          2,
          4,
          4,
          null,
          0,
          null,
          null,
          null,
          null,
          null,
          null,
          2,
          2,
          2,
          2,
          null,
          null,
          1,
          1,
          1,
          1,
          1,
          null,
          1,
          1,
          1,
          1,
          null,
          null,
          null,
          1,
          1,
          1,
          1,
          1,
          null,
          1,
          1,
          1,
          1,
          null,
          null,
          null,
          null
        ]
      },
      "/Users/7jess/Desktop/NTHU_ISS/Security/Team_Project/capsule-api/spec/integration/api_spec.rb": {
        "lines": [
          null,
          null,
          1,
          null,
          1,
          1,
          1,
          1,
          1,
          null,
          null,
          null
        ]
      },
      "/Users/7jess/Desktop/NTHU_ISS/Security/Team_Project/capsule-api/spec/integration/service_add_collaborator_spec.rb": {
        "lines": [
          null,
          null,
          1,
          null,
          1,
          1,
          2,
          null,
          2,
          6,
          null,
          null,
          2,
          null,
          2,
          2,
          null,
          null,
          2,
          6,
          null,
          null,
          null,
          null,
          2,
          null,
          null,
          2,
          6,
          null,
          null,
          null,
          null,
          null,
          null,
          2,
          null,
          null,
          null,
          null,
          1,
          1,
          null,
          null,
          null,
          null,
          1,
          null,
          null,
          1,
          1,
          null,
          null,
          1,
          1,
          1,
          null,
          null,
          null,
          null,
          null,
          null
        ]
      },
      "/Users/7jess/Desktop/NTHU_ISS/Security/Team_Project/capsule-api/spec/integration/service_authenticate_account_spec.rb": {
        "lines": [
          null,
          null,
          1,
          null,
          1,
          1,
          3,
          null,
          3,
          9,
          null,
          null,
          null,
          1,
          1,
          1,
          null,
          null,
          1,
          null,
          null,
          1,
          1,
          1,
          1,
          null,
          null,
          null,
          null,
          null,
          1,
          1,
          1,
          null,
          null,
          null,
          null,
          null
        ]
      },
      "/Users/7jess/Desktop/NTHU_ISS/Security/Team_Project/capsule-api/spec/unit/letters_spec.rb": {
        "lines": [
          null,
          null,
          1,
          null,
          1,
          1,
          3,
          null,
          3,
          9,
          null,
          null,
          null,
          1,
          1,
          1,
          1,
          null,
          1,
          1,
          1,
          1,
          1,
          1,
          1,
          null,
          null,
          1,
          1,
          1,
          1,
          null,
          1,
          null,
          null,
          1,
          1,
          1,
          1,
          1,
          null,
          1,
          null,
          null
        ]
      },
      "/Users/7jess/Desktop/NTHU_ISS/Security/Team_Project/capsule-api/spec/unit/passwords_spec.rb": {
        "lines": [
          null,
          null,
          1,
          null,
          1,
          1,
          1,
          1,
          null,
          1,
          null,
          null,
          1,
          1,
          1,
          null,
          1,
          1,
          null,
          null,
          1,
          1,
          1,
          1,
          null,
          1,
          1,
          null,
          null
        ]
      },
      "/Users/7jess/Desktop/NTHU_ISS/Security/Team_Project/capsule-api/spec/unit/secure_db_spec.rb": {
        "lines": [
          null,
          null,
          1,
          null,
          1,
          1,
          1,
          1,
          1,
          null,
          null,
          1,
          1,
          1,
          1,
          1,
          null,
          null,
          1,
          1,
          1,
          1,
          1,
          null,
          null
        ]
      }
    },
    "timestamp": 1655625358
  }
}
